Success (1):
processModel 3720 0002ddd6-be1e-8000-9ccd-014d98014d98 "Test Employee"

Referenced precedents that were not exported (2):
user priyanka.verma priyanka.verma
processModelFolder 53 _g-0000dd0b-8769-8000-9ccd-014d98014d98_54

Trace:
2016-11-02 13:27:47.549 DEBUG processModel 3720 0002ddd6-be1e-8000-9ccd-014d98014d98 Begin transport.
2016-11-02 13:27:47.549 DEBUG processModel 3720 0002ddd6-be1e-8000-9ccd-014d98014d98 Retrieving object data.
2016-11-02 13:27:47.56 DEBUG processModel 3720 0002ddd6-be1e-8000-9ccd-014d98014d98 Setting uuids of object references.
2016-11-02 13:27:47.56 DEBUG processModel 3720 0002ddd6-be1e-8000-9ccd-014d98014d98 Processing reference: ProcessModelHaul.folderId
2016-11-02 13:27:47.561 DEBUG processModel 3720 0002ddd6-be1e-8000-9ccd-014d98014d98 Processing reference: ProcessModelHaul.modelDashboardPageId
2016-11-02 13:27:47.561 DEBUG processModel 3720 0002ddd6-be1e-8000-9ccd-014d98014d98 Processing reference: ProcessModelHaul.processDashboardPageId
2016-11-02 13:27:47.561 DEBUG processModel 3720 0002ddd6-be1e-8000-9ccd-014d98014d98 Processing reference: ProcessModel.emailAttachmentFolderId
2016-11-02 13:27:47.561 DEBUG processModel 3720 0002ddd6-be1e-8000-9ccd-014d98014d98 Processing reference: InternalForm.docId
2016-11-02 13:27:47.561 DEBUG processModel 3720 0002ddd6-be1e-8000-9ccd-014d98014d98 Processing reference: InternalForm.docId
2016-11-02 13:27:47.562 DEBUG processModel 3720 0002ddd6-be1e-8000-9ccd-014d98014d98 Processing reference: ActivityClassParameter[name=pmID,it=23,v=<null>]
2016-11-02 13:27:47.562 DEBUG processModel 3720 0002ddd6-be1e-8000-9ccd-014d98014d98 Processing reference: ActivityClassParameter[name=inMap,it=111,v={}]
2016-11-02 13:27:47.562 DEBUG processModel 3720 0002ddd6-be1e-8000-9ccd-014d98014d98 Processing reference: ActivityClassParameter[name=procInheritsPriority,it=1,v=1]
2016-11-02 13:27:47.562 DEBUG processModel 3720 0002ddd6-be1e-8000-9ccd-014d98014d98 Processing reference: ActivityClassParameter[name=pmUUID,it=3,v=]
2016-11-02 13:27:47.562 DEBUG processModel 3720 0002ddd6-be1e-8000-9ccd-014d98014d98 Processing reference: ActivityClassParameter[name=isAsynchronous,it=26,v=1]
2016-11-02 13:27:47.562 DEBUG processModel 3720 0002ddd6-be1e-8000-9ccd-014d98014d98 Processing reference: ActivityClassParameter[name=isTransparent,it=26,v=1]
2016-11-02 13:27:47.562 DEBUG processModel 3720 0002ddd6-be1e-8000-9ccd-014d98014d98 Processing reference: ActivityClassParameter[name=inheritSecurity,it=26,v=0]
2016-11-02 13:27:47.562 DEBUG processModel 3720 0002ddd6-be1e-8000-9ccd-014d98014d98 Processing reference: com.appiancorp.suiteapi.process.ProcessRoleMap@74398d0d[
  Role[name=ADMIN_OWNER,usernames=[priyanka.verma]]
  Role[name=EDITOR]
  Role[name=EXPLICIT_NONMEMBER]
  Role[name=VIEWER]
  Role[name=MANAGER]
  Role[name=INITIATOR]
]
2016-11-02 13:27:47.562 DEBUG processModel 3720 0002ddd6-be1e-8000-9ccd-014d98014d98 Processing reference: Role[name=ADMIN_OWNER,usernames=[priyanka.verma]]
2016-11-02 13:27:47.563 DEBUG processModel 3720 0002ddd6-be1e-8000-9ccd-014d98014d98 Processing reference: Role[name=EDITOR]
2016-11-02 13:27:47.563 DEBUG processModel 3720 0002ddd6-be1e-8000-9ccd-014d98014d98 Processing reference: Role[name=EXPLICIT_NONMEMBER]
2016-11-02 13:27:47.563 DEBUG processModel 3720 0002ddd6-be1e-8000-9ccd-014d98014d98 Processing reference: Role[name=VIEWER]
2016-11-02 13:27:47.563 DEBUG processModel 3720 0002ddd6-be1e-8000-9ccd-014d98014d98 Processing reference: Role[name=MANAGER]
2016-11-02 13:27:47.563 DEBUG processModel 3720 0002ddd6-be1e-8000-9ccd-014d98014d98 Processing reference: Role[name=INITIATOR]
2016-11-02 13:27:47.563 DEBUG processModel 3720 0002ddd6-be1e-8000-9ccd-014d98014d98 Exporting binary resources.
2016-11-02 13:27:47.563 DEBUG processModel 3720 0002ddd6-be1e-8000-9ccd-014d98014d98 Serializing object to XML.
2016-11-02 13:27:47.566 DEBUG processModel 3720 0002ddd6-be1e-8000-9ccd-014d98014d98 Object transported.
