Success (1):
processModel 3714 0002ddd6-9212-8000-9ccd-014d98014d98 "Test Employee"

Referenced precedents that were not exported (1):
processModelFolder 53 _g-0000dd0b-8769-8000-9ccd-014d98014d98_54

Trace:
2016-11-02 13:04:58.832 DEBUG processModel 3714 0002ddd6-9212-8000-9ccd-014d98014d98 Begin transport.
2016-11-02 13:04:58.832 DEBUG processModel 3714 0002ddd6-9212-8000-9ccd-014d98014d98 Retrieving object data.
2016-11-02 13:04:58.846 DEBUG processModel 3714 0002ddd6-9212-8000-9ccd-014d98014d98 Setting uuids of object references.
2016-11-02 13:04:58.846 DEBUG processModel 3714 0002ddd6-9212-8000-9ccd-014d98014d98 Processing reference: ProcessModelHaul.folderId
2016-11-02 13:04:58.847 DEBUG processModel 3714 0002ddd6-9212-8000-9ccd-014d98014d98 Processing reference: ProcessModelHaul.modelDashboardPageId
2016-11-02 13:04:58.847 DEBUG processModel 3714 0002ddd6-9212-8000-9ccd-014d98014d98 Processing reference: ProcessModelHaul.processDashboardPageId
2016-11-02 13:04:58.847 DEBUG processModel 3714 0002ddd6-9212-8000-9ccd-014d98014d98 Processing reference: ProcessModel.emailAttachmentFolderId
2016-11-02 13:04:58.847 DEBUG processModel 3714 0002ddd6-9212-8000-9ccd-014d98014d98 Processing reference: ActivityClassParameter[name=pmID,it=23,v=<null>]
2016-11-02 13:04:58.847 DEBUG processModel 3714 0002ddd6-9212-8000-9ccd-014d98014d98 Processing reference: ActivityClassParameter[name=inMap,it=111,v={}]
2016-11-02 13:04:58.847 DEBUG processModel 3714 0002ddd6-9212-8000-9ccd-014d98014d98 Processing reference: ActivityClassParameter[name=procInheritsPriority,it=1,v=1]
2016-11-02 13:04:58.847 DEBUG processModel 3714 0002ddd6-9212-8000-9ccd-014d98014d98 Processing reference: ActivityClassParameter[name=pmUUID,it=3,v=]
2016-11-02 13:04:58.848 DEBUG processModel 3714 0002ddd6-9212-8000-9ccd-014d98014d98 Processing reference: ActivityClassParameter[name=isAsynchronous,it=26,v=1]
2016-11-02 13:04:58.848 DEBUG processModel 3714 0002ddd6-9212-8000-9ccd-014d98014d98 Processing reference: ActivityClassParameter[name=isTransparent,it=26,v=1]
2016-11-02 13:04:58.848 DEBUG processModel 3714 0002ddd6-9212-8000-9ccd-014d98014d98 Processing reference: ActivityClassParameter[name=inheritSecurity,it=26,v=0]
2016-11-02 13:04:58.848 DEBUG processModel 3714 0002ddd6-9212-8000-9ccd-014d98014d98 Processing reference: com.appiancorp.suiteapi.process.ProcessRoleMap@1549a95d[
  Role[name=ADMIN_OWNER]
  Role[name=EDITOR]
  Role[name=EXPLICIT_NONMEMBER]
  Role[name=VIEWER]
  Role[name=MANAGER]
  Role[name=INITIATOR]
]
2016-11-02 13:04:58.848 DEBUG processModel 3714 0002ddd6-9212-8000-9ccd-014d98014d98 Processing reference: Role[name=ADMIN_OWNER]
2016-11-02 13:04:58.848 DEBUG processModel 3714 0002ddd6-9212-8000-9ccd-014d98014d98 Processing reference: Role[name=EDITOR]
2016-11-02 13:04:58.848 DEBUG processModel 3714 0002ddd6-9212-8000-9ccd-014d98014d98 Processing reference: Role[name=EXPLICIT_NONMEMBER]
2016-11-02 13:04:58.848 DEBUG processModel 3714 0002ddd6-9212-8000-9ccd-014d98014d98 Processing reference: Role[name=VIEWER]
2016-11-02 13:04:58.848 DEBUG processModel 3714 0002ddd6-9212-8000-9ccd-014d98014d98 Processing reference: Role[name=MANAGER]
2016-11-02 13:04:58.848 DEBUG processModel 3714 0002ddd6-9212-8000-9ccd-014d98014d98 Processing reference: Role[name=INITIATOR]
2016-11-02 13:04:58.848 DEBUG processModel 3714 0002ddd6-9212-8000-9ccd-014d98014d98 Exporting binary resources.
2016-11-02 13:04:58.848 DEBUG processModel 3714 0002ddd6-9212-8000-9ccd-014d98014d98 Serializing object to XML.
2016-11-02 13:04:58.851 DEBUG processModel 3714 0002ddd6-9212-8000-9ccd-014d98014d98 Object transported.
